<?xml version="1.0" encoding="UTF-8"?>
<!-- Generated by org.testng.reporters.JUnitXMLReporter -->
<testsuite hostname="LAPTOP-DHKJGDU5" ignored="0" name="Exchange Rate API Test" tests="12" failures="0" timestamp="23 Dec 2020 05:01:51 GMT" time="4.41" errors="0">
  <testcase name="scenario" time="0.902" classname="com.yogesh.assesment.ExchangeRateAPI.TestRunner"/>
  <testcase name="scenario" time="0.481" classname="com.yogesh.assesment.ExchangeRateAPI.TestRunner"/>
  <testcase name="scenario" time="0.22" classname="com.yogesh.assesment.ExchangeRateAPI.TestRunner"/>
  <testcase name="scenario" time="0.459" classname="com.yogesh.assesment.ExchangeRateAPI.TestRunner"/>
  <testcase name="scenario" time="0.228" classname="com.yogesh.assesment.ExchangeRateAPI.TestRunner"/>
  <testcase name="scenario" time="0.23" classname="com.yogesh.assesment.ExchangeRateAPI.TestRunner"/>
  <testcase name="scenario" time="0.192" classname="com.yogesh.assesment.ExchangeRateAPI.TestRunner"/>
  <testcase name="scenario" time="0.219" classname="com.yogesh.assesment.ExchangeRateAPI.TestRunner"/>
  <testcase name="scenario" time="0.191" classname="com.yogesh.assesment.ExchangeRateAPI.TestRunner"/>
  <testcase name="scenario" time="0.468" classname="com.yogesh.assesment.ExchangeRateAPI.TestRunner"/>
  <testcase name="scenario" time="0.431" classname="com.yogesh.assesment.ExchangeRateAPI.TestRunner"/>
  <testcase name="scenario" time="0.213" classname="com.yogesh.assesment.ExchangeRateAPI.TestRunner"/>
</testsuite> <!-- Exchange Rate API Test -->
